<?xml version="1.0" encoding="UTF-8"?>
<testng-results skipped="0" failed="0" ignored="0" total="1" passed="1">
  <reporter-output>
  </reporter-output>
  <suite name="Suite" duration-ms="78" started-at="2023-04-28T12:43:11 IST" finished-at="2023-04-28T12:43:11 IST">
    <groups>
    </groups>
    <test name="Test" duration-ms="78" started-at="2023-04-28T12:43:11 IST" finished-at="2023-04-28T12:43:11 IST">
      <class name="gitpractioceeeee.helloWorld">
        <test-method status="PASS" signature="method()[pri:0, instance:gitpractioceeeee.helloWorld@a7e666]" name="method" duration-ms="15" started-at="2023-04-28T12:43:11 IST" finished-at="2023-04-28T12:43:11 IST">
          <reporter-output>
          </reporter-output>
        </test-method> <!-- method -->
      </class> <!-- gitpractioceeeee.helloWorld -->
    </test> <!-- Test -->
  </suite> <!-- Suite -->
</testng-results>
